c:\projects\pupnp\x64\debug\libupnpsd.pdb
c:\projects\pupnp\upnp\upnp_static.dir\debug\parsetools.obj
c:\projects\pupnp\upnp\upnp_static.dir\debug\httpreadwrite.obj
c:\projects\pupnp\upnp\upnp_static.dir\debug\httpparser.obj
c:\projects\pupnp\upnp\upnp_static.dir\debug\sock.obj
c:\projects\pupnp\upnp\upnp_static.dir\debug\miniserver.obj
c:\projects\pupnp\upnp\upnp_static.dir\debug\client_table.obj
c:\projects\pupnp\upnp\upnp_static.dir\debug\genlibclientsubscription.obj
c:\projects\pupnp\upnp\upnp_static.dir\debug\upnpsubscriptionrequest.obj
c:\projects\pupnp\upnp\upnp_static.dir\debug\upnpstring.obj
c:\projects\pupnp\upnp\upnp_static.dir\debug\upnpstatevarrequest.obj
c:\projects\pupnp\upnp\upnp_static.dir\debug\upnpstatevarcomplete.obj
c:\projects\pupnp\upnp\upnp_static.dir\debug\upnpfileinfo.obj
c:\projects\pupnp\upnp\upnp_static.dir\debug\upnpextraheaders.obj
c:\projects\pupnp\upnp\upnp_static.dir\debug\upnpeventsubscribe.obj
c:\projects\pupnp\upnp\upnp_static.dir\debug\upnpevent.obj
c:\projects\pupnp\upnp\upnp_static.dir\debug\upnpdiscovery.obj
c:\projects\pupnp\upnp\upnp_static.dir\debug\upnpactionrequest.obj
c:\projects\pupnp\upnp\upnp_static.dir\debug\upnpactioncomplete.obj
c:\projects\pupnp\upnp\upnp_static.dir\debug\upnpdebug.obj
c:\projects\pupnp\upnp\upnp_static.dir\debug\upnpapi.obj
c:\projects\pupnp\upnp\upnp_static.dir\debug\ssdpresultdata.obj
c:\projects\pupnp\upnp\upnp_static.dir\debug\soap_common.obj
c:\projects\pupnp\upnp\upnp_static.dir\debug\soap_ctrlpt.obj
c:\projects\pupnp\upnp\upnp_static.dir\debug\soap_device.obj
c:\projects\pupnp\upnp\upnp_static.dir\debug\gena_callback2.obj
c:\projects\pupnp\upnp\upnp_static.dir\debug\gena_ctrlpt.obj
c:\projects\pupnp\upnp\upnp_static.dir\debug\gena_device.obj
c:\projects\pupnp\upnp\upnp_static.dir\debug\urlconfig.obj
c:\projects\pupnp\upnp\upnp_static.dir\debug\timerthread.obj
c:\projects\pupnp\upnp\upnp_static.dir\debug\threadpool.obj
c:\projects\pupnp\upnp\upnp_static.dir\debug\linkedlist.obj
c:\projects\pupnp\upnp\upnp_static.dir\debug\freelist.obj
c:\projects\pupnp\upnp\upnp_static.dir\debug\util.obj
c:\projects\pupnp\upnp\upnp_static.dir\debug\strintmap.obj
c:\projects\pupnp\upnp\upnp_static.dir\debug\membuffer.obj
c:\projects\pupnp\upnp\upnp_static.dir\debug\list.obj
c:\projects\pupnp\upnp\upnp_static.dir\debug\service_table.obj
c:\projects\pupnp\upnp\upnp_static.dir\debug\uri.obj
c:\projects\pupnp\upnp\upnp_static.dir\debug\webserver.obj
c:\projects\pupnp\upnp\upnp_static.dir\debug\statcodes.obj
c:\projects\pupnp\upnp\upnp_static.dir\debug\upnptools.obj
c:\projects\pupnp\upnp\upnp_static.dir\debug\uuid.obj
c:\projects\pupnp\upnp\upnp_static.dir\debug\sysdep.obj
c:\projects\pupnp\upnp\upnp_static.dir\debug\md5.obj
c:\projects\pupnp\upnp\upnp_static.dir\debug\ssdp_server.obj
c:\projects\pupnp\upnp\upnp_static.dir\debug\ssdp_ctrlpt.obj
c:\projects\pupnp\upnp\upnp_static.dir\debug\ssdp_device.obj
c:\projects\pupnp\upnp\upnp_static.dir\debug\ssdpresultdatacallback.obj
c:\projects\pupnp\x64\debug\libupnpsd.lib
c:\projects\pupnp\upnp\upnp_static.dir\debug\upnp_static.tlog\cl.command.1.tlog
c:\projects\pupnp\upnp\upnp_static.dir\debug\upnp_static.tlog\cl.items.tlog
c:\projects\pupnp\upnp\upnp_static.dir\debug\upnp_static.tlog\cl.read.1.tlog
c:\projects\pupnp\upnp\upnp_static.dir\debug\upnp_static.tlog\cl.write.1.tlog
c:\projects\pupnp\upnp\upnp_static.dir\debug\upnp_static.tlog\lib-link.read.1.tlog
c:\projects\pupnp\upnp\upnp_static.dir\debug\upnp_static.tlog\lib-link.write.1.tlog
c:\projects\pupnp\upnp\upnp_static.dir\debug\upnp_static.tlog\lib.command.1.tlog
